<?xml version="1.0" encoding="UTF-8"?>
<testsuite name="io.sheetal.instanciodemo.SongServiceTest" tests="1" skipped="0" failures="0" errors="0" timestamp="2024-05-13T11:47:18" hostname="SHEETALJAISWAL" time="1.298">
  <properties/>
  <testcase name="addSong()" classname="io.sheetal.instanciodemo.SongServiceTest" time="1.298"/>
  <system-out><![CDATA[Song[songId=1, title=Song Title, artist=Artist, album=album, duration=3, albumCover=album cover url, lyrics=Lyrics, lyricsUrl=LyricsURL, downloadUrl=downloadUrl, version=null]
]]></system-out>
  <system-err><![CDATA[]]></system-err>
</testsuite>
